<?xml version="1.0" encoding="UTF-8"?>
<robot generator="Robot 6.1.1 (Python 3.12.0 on win32)" generated="20241017 16:26:37.960" rpa="false" schemaversion="4">
<suite id="s1" name="Links" source="C:\Users\chysk\PycharmProjects\RobotFramework\Tests\Links.robot">
<test id="s1-t1" name="Validate all links on Gmail page" line="9">
<kw name="Navigate to gmail">
<kw name="Open Browser" library="SeleniumLibrary">
<arg>${url}</arg>
<arg>${browser}</arg>
<doc>Opens a new browser instance to the optional ``url``.</doc>
<msg timestamp="20241017 16:26:38.289" level="INFO">Opening browser 'Chrome' to base url 'https://mail.google.com'.</msg>
<status status="PASS" starttime="20241017 16:26:38.289" endtime="20241017 16:26:44.779"/>
</kw>
<kw name="Maximize Browser Window" library="SeleniumLibrary">
<doc>Maximizes current browser window.</doc>
<status status="PASS" starttime="20241017 16:26:44.779" endtime="20241017 16:26:44.820"/>
</kw>
<status status="PASS" starttime="20241017 16:26:38.289" endtime="20241017 16:26:44.820"/>
</kw>
<kw name="Capture all links shown on page">
<kw name="Get WebElements" library="SeleniumLibrary">
<var>@{links}</var>
<arg>xpath://a</arg>
<doc>Returns a list of WebElement objects matching the ``locator``.</doc>
<msg timestamp="20241017 16:26:44.847" level="INFO">@{links} = [ &lt;selenium.webdriver.remote.webelement.WebElement (session="54faadea752e9a8ca1c1b4ca5a6c81f1", element="f.A9CBF494E905C9D0DC1D3DF4667316F4.d.E7A6A820948C62ED518E89B55EEB6977.e.43")&gt; | &lt;selenium.webdr...</msg>
<status status="PASS" starttime="20241017 16:26:44.820" endtime="20241017 16:26:44.847"/>
</kw>
<for flavor="IN">
<var>${link}</var>
<value>@{links}:</value>
<iter>
<var name="${link}">[&lt;selenium.webdriver.remote.webelement.WebElement (session="54faadea752e9a8ca1c1b4ca5a6c81f1", element="f.A9CBF494E905C9D0DC1D3DF4667316F4.d.E7A6A820948C62ED518E89B55EEB6977.e.43")&gt;, &lt;selenium.webdriv...</var>
<kw name="Click Link" library="SeleniumLibrary">
<arg>${link}</arg>
<doc>Clicks a link identified by ``locator``.</doc>
<msg timestamp="20241017 16:26:44.850" level="INFO">Clicking link '[&lt;selenium.webdriver.remote.webelement.WebElement (session="54faadea752e9a8ca1c1b4ca5a6c81f1", element="f.A9CBF494E905C9D0DC1D3DF4667316F4.d.E7A6A820948C62ED518E89B55EEB6977.e.43")&gt;, &lt;selenium.webdriver.remote.webelement.WebElement (session="54faadea752e9a8ca1c1b4ca5a6c81f1", element="f.A9CBF494E905C9D0DC1D3DF4667316F4.d.E7A6A820948C62ED518E89B55EEB6977.e.40")&gt;, &lt;selenium.webdriver.remote.webelement.WebElement (session="54faadea752e9a8ca1c1b4ca5a6c81f1", element="f.A9CBF494E905C9D0DC1D3DF4667316F4.d.E7A6A820948C62ED518E89B55EEB6977.e.41")&gt;, &lt;selenium.webdriver.remote.webelement.WebElement (session="54faadea752e9a8ca1c1b4ca5a6c81f1", element="f.A9CBF494E905C9D0DC1D3DF4667316F4.d.E7A6A820948C62ED518E89B55EEB6977.e.42")&gt;]:'.</msg>
<msg timestamp="20241017 16:26:45.021" level="INFO" html="true">&lt;/td&gt;&lt;/tr&gt;&lt;tr&gt;&lt;td colspan="3"&gt;&lt;a href="selenium-screenshot-7.png"&gt;&lt;img src="selenium-screenshot-7.png" width="800px"&gt;&lt;/a&gt;</msg>
<msg timestamp="20241017 16:26:45.021" level="FAIL">Link with locator '[&lt;selenium.webdriver.remote.webelement.WebElement (session="54faadea752e9a8ca1c1b4ca5a6c81f1", element="f.A9CBF494E905C9D0DC1D3DF4667316F4.d.E7A6A820948C62ED518E89B55EEB6977.e.43")&gt;, &lt;selenium.webdriver.remote.webelement.WebElement (session="54faadea752e9a8ca1c1b4ca5a6c81f1", element="f.A9CBF494E905C9D0DC1D3DF4667316F4.d.E7A6A820948C62ED518E89B55EEB6977.e.40")&gt;, &lt;selenium.webdriver.remote.webelement.WebElement (session="54faadea752e9a8ca1c1b4ca5a6c81f1", element="f.A9CBF494E905C9D0DC1D3DF4667316F4.d.E7A6A820948C62ED518E89B55EEB6977.e.41")&gt;, &lt;selenium.webdriver.remote.webelement.WebElement (session="54faadea752e9a8ca1c1b4ca5a6c81f1", element="f.A9CBF494E905C9D0DC1D3DF4667316F4.d.E7A6A820948C62ED518E89B55EEB6977.e.42")&gt;]:' not found.</msg>
<status status="FAIL" starttime="20241017 16:26:44.850" endtime="20241017 16:26:45.026"/>
</kw>
<kw name="Log To Console" library="BuiltIn">
<arg>${link}</arg>
<doc>Logs the given message to the console.</doc>
<status status="NOT RUN" starttime="20241017 16:26:45.026" endtime="20241017 16:26:45.026"/>
</kw>
<kw name="Go Back" library="SeleniumLibrary">
<doc>Simulates the user clicking the back button on their browser.</doc>
<status status="NOT RUN" starttime="20241017 16:26:45.026" endtime="20241017 16:26:45.026"/>
</kw>
<kw name="Wait Until Element Is Visible" library="SeleniumLibrary">
<arg>//input[type='email']</arg>
<doc>Waits until the element ``locator`` is visible.</doc>
<status status="NOT RUN" starttime="20241017 16:26:45.026" endtime="20241017 16:26:45.026"/>
</kw>
<status status="FAIL" starttime="20241017 16:26:44.850" endtime="20241017 16:26:45.026"/>
</iter>
<status status="FAIL" starttime="20241017 16:26:44.847" endtime="20241017 16:26:45.026"/>
</for>
<status status="FAIL" starttime="20241017 16:26:44.820" endtime="20241017 16:26:45.026"/>
</kw>
<kw name="Quit the browser instance">
<status status="NOT RUN" starttime="20241017 16:26:45.033" endtime="20241017 16:26:45.033"/>
</kw>
<status status="FAIL" starttime="20241017 16:26:38.289" endtime="20241017 16:26:45.033">Link with locator '[&lt;selenium.webdriver.remote.webelement.WebElement (session="54faadea752e9a8ca1c1b4ca5a6c81f1", element="f.A9CBF494E905C9D0DC1D3DF4667316F4.d.E7A6A820948C62ED518E89B55EEB6977.e.43")&gt;, &lt;selenium.webdriver.remote.webelement.WebElement (session="54faadea752e9a8ca1c1b4ca5a6c81f1", element="f.A9CBF494E905C9D0DC1D3DF4667316F4.d.E7A6A820948C62ED518E89B55EEB6977.e.40")&gt;, &lt;selenium.webdriver.remote.webelement.WebElement (session="54faadea752e9a8ca1c1b4ca5a6c81f1", element="f.A9CBF494E905C9D0DC1D3DF4667316F4.d.E7A6A820948C62ED518E89B55EEB6977.e.41")&gt;, &lt;selenium.webdriver.remote.webelement.WebElement (session="54faadea752e9a8ca1c1b4ca5a6c81f1", element="f.A9CBF494E905C9D0DC1D3DF4667316F4.d.E7A6A820948C62ED518E89B55EEB6977.e.42")&gt;]:' not found.</status>
</test>
<status status="FAIL" starttime="20241017 16:26:37.960" endtime="20241017 16:26:45.034"/>
</suite>
<statistics>
<total>
<stat pass="0" fail="1" skip="0">All Tests</stat>
</total>
<tag>
</tag>
<suite>
<stat pass="0" fail="1" skip="0" id="s1" name="Links">Links</stat>
</suite>
</statistics>
<errors>
</errors>
</robot>
